<?xml version="1.0" encoding="UTF-8" ?>
<testsuite tests="6" failures="0" name="edu.eci.cvds.tdd.registry.RegistryTest" time="0.004" errors="0" skipped="0">
  <properties>
[...]
</properties>
  <testcase classname="edu.eci.cvds.tdd.registry.RegistryTest" name="mustValidateRegistryResultInvalidAge" time="0.004"/>
  <testcase classname="edu.eci.cvds.tdd.registry.RegistryTest" name="mustValidateRegistryResultDuplicated" time="0"/>
  <testcase classname="edu.eci.cvds.tdd.registry.RegistryTest" name="mustValidateRegistryResultUnderage" time="0"/>
  <testcase classname="edu.eci.cvds.tdd.registry.RegistryTest" name="mustValidateRegistryResultInvalidAge2" time="0"/>
  <testcase classname="edu.eci.cvds.tdd.registry.RegistryTest" name="validateRegistryResult" time="0"/>
  <testcase classname="edu.eci.cvds.tdd.registry.RegistryTest" name="mustValidateRegistryResultDead" time="0"/>
</testsuite>